<?xml version="1.0" encoding="UTF-8"?>
<testng-results ignored="0" total="1" passed="1" failed="0" skipped="0">
  <reporter-output>
  </reporter-output>
  <suite started-at="2024-10-27T16:51:55 GMT-05:00" name="Default suite" finished-at="2024-10-27T16:52:03 GMT-05:00" duration-ms="8364">
    <groups>
    </groups>
    <test started-at="2024-10-27T16:51:55 GMT-05:00" name="Default test" finished-at="2024-10-27T16:52:03 GMT-05:00" duration-ms="8364">
      <class name="rahuallshettyacademy.ExtentReports.ExtentReportDemo">
        <test-method is-config="true" signature="config()[pri:0, instance:rahuallshettyacademy.ExtentReports.ExtentReportDemo@33065d67]" started-at="2024-10-27T16:51:55 GMT-05:00" name="config" finished-at="2024-10-27T16:51:55 GMT-05:00" duration-ms="330" status="PASS">
          <reporter-output>
          </reporter-output>
        </test-method> <!-- config -->
        <test-method signature="initialDemo()[pri:0, instance:rahuallshettyacademy.ExtentReports.ExtentReportDemo@33065d67]" started-at="2024-10-27T16:51:55 GMT-05:00" name="initialDemo" finished-at="2024-10-27T16:52:03 GMT-05:00" duration-ms="7989" status="PASS">
          <reporter-output>
          </reporter-output>
        </test-method> <!-- initialDemo -->
      </class> <!-- rahuallshettyacademy.ExtentReports.ExtentReportDemo -->
    </test> <!-- Default test -->
  </suite> <!-- Default suite -->
</testng-results>
